<?xml version='1.0' encoding='utf8'?>
<testsuites name="/Users/ci/work/repo/Firmware/MaDCore" platformio_version="6.1.18" tests="4" errors="1" failures="1" time="12.5"><testsuite name="native_test:test_gcode" tests="3" errors="1" failures="1" skipped="0" time="3.25" timestamp="2026-08-21T09:15:00"><testcase name="test_parse_g1" time="0" status="PASSED" file="test/test_gcode/main.c" line="42" /><testcase name="test_parse_g122" time="0" status="FAILED" file="test/test_gcode/main.c" line="57"><failure message="Expected 122 Was 0">test/test_gcode/main.c:57:test_parse_g122	[FAILED]</failure></testcase><testcase name="test_parse_crash" time="0" status="ERRORED"><error type="UnitTestSuiteError" message="Program received signal SIGSEGV" /></testcase></testsuite><testsuite name="native_test:test_queue" tests="1" errors="0" failures="0" skipped="1" time="1.5" timestamp="2026-08-21T09:15:04"><testcase name="test_skipme" time="0" status="SKIPPED" file="test/test_queue/main.c" line="9"><skipped /></testcase></testsuite></testsuites>
