<?xml version="1.0" encoding="UTF-8" ?>
<testsuites name="vitest tests" tests="4" failures="1" errors="0" time="0.7">
    <testsuite name="test/alpha.test.ts" timestamp="2026-08-21T12:00:38.536Z" hostname="build-host" tests="3" failures="1" errors="0" skipped="1" time="0.004761042">
        <testcase classname="test/alpha.test.ts" name="outer &gt; inner &gt; passes" time="0.000637333">
        </testcase>
        <testcase classname="test/alpha.test.ts" name="outer &gt; inner &gt; fails" time="0.003523083">
            <failure message="expected 1 to be 2 // Object.is equality" type="AssertionError">
AssertionError: expected 1 to be 2 // Object.is equality

- Expected
+ Received

- 2
+ 1

 ❯ test/alpha.test.ts:5:35
            </failure>
        </testcase>
        <testcase classname="test/alpha.test.ts" name="outer &gt; is skipped" time="0">
            <skipped/>
        </testcase>
    </testsuite>
    <testsuite name="test/beta.test.ts" timestamp="2026-08-21T12:00:38.540Z" hostname="build-host" tests="1" failures="0" errors="0" skipped="0" time="0.001131583">
        <testcase classname="test/beta.test.ts" name="lonely case" time="0.000580791">
        </testcase>
    </testsuite>
</testsuites>
