{"numTotalTestSuites":4,"numPassedTestSuites":1,"numFailedTestSuites":3,"numPendingTestSuites":0,"numTotalTests":4,"numPassedTests":2,"numFailedTests":1,"numPendingTests":1,"numTodoTests":0,"snapshot":{"added":0,"failure":false,"filesAdded":0,"filesRemoved":0,"filesRemovedList":[],"filesUnmatched":0,"filesUpdated":0,"matched":0,"total":0,"unchecked":0,"uncheckedKeysByFile":[],"unmatched":0,"updated":0,"didUpdate":false},"startTime":1787313637823,"success":false,"testResults":[{"assertionResults":[{"ancestorTitles":["outer","inner"],"fullName":"outer inner passes","status":"passed","title":"passes","duration":0.6373330000000124,"failureMessages":[],"meta":{}},{"ancestorTitles":["outer","inner"],"fullName":"outer inner fails","status":"failed","title":"fails","duration":3.5230829999999287,"failureMessages":["AssertionError: expected 1 to be 2 // Object.is equality\n    at /Users/ci/work/repo/Software/Control/test/alpha.test.ts:5:35\n    at file:///Users/ci/work/repo/Software/Control/node_modules/@vitest/runner/dist/index.js:146:14\n    at file:///Users/ci/work/repo/Software/Control/node_modules/@vitest/runner/dist/index.js:533:11\n    at runWithTimeout (file:///Users/ci/work/repo/Software/Control/node_modules/@vitest/runner/dist/index.js:39:7)\n    at runTest (file:///Users/ci/work/repo/Software/Control/node_modules/@vitest/runner/dist/index.js:1056:17)\n    at processTicksAndRejections (node:internal/process/task_queues:105:5)\n    at runSuite (file:///Users/ci/work/repo/Software/Control/node_modules/@vitest/runner/dist/index.js:1205:15)\n    at runSuite (file:///Users/ci/work/repo/Software/Control/node_modules/@vitest/runner/dist/index.js:1205:15)\n    at runSuite (file:///Users/ci/work/repo/Software/Control/node_modules/@vitest/runner/dist/index.js:1205:15)\n    at runFiles (file:///Users/ci/work/repo/Software/Control/node_modules/@vitest/runner/dist/index.js:1262:5)"],"meta":{}},{"ancestorTitles":["outer"],"fullName":"outer is skipped","status":"skipped","title":"is skipped","failureMessages":[],"meta":{}}],"startTime":1787313638509,"endTime":1787313638513.5232,"status":"failed","message":"","name":"/Users/ci/work/repo/Software/Control/test/alpha.test.ts"},{"assertionResults":[{"ancestorTitles":[],"fullName":"lonely case","status":"passed","title":"lonely case","duration":0.5807909999999765,"failureMessages":[],"meta":{}}],"startTime":1787313638509,"endTime":1787313638509.5808,"status":"passed","message":"","name":"/Users/ci/work/repo/Software/Control/test/beta.test.ts"}]}