{"/Users/rileymccarthy/Documents/MaD/Software/Control/src/firmware/image.ts": {"path":"/Users/rileymccarthy/Documents/MaD/Software/Control/src/firmware/image.ts","all":false,"statementMap":{"20":{"start":{"line":21,"column":0},"end":{"line":21,"column":27}},"21":{"start":{"line":22,"column":0},"end":{"line":22,"column":82}},"32":{"start":{"line":33,"column":0},"end":{"line":33,"column":24}},"34":{"start":{"line":35,"column":0},"end":{"line":35,"column":26}},"36":{"start":{"line":37,"column":0},"end":{"line":37,"column":43}},"39":{"start":{"line":40,"column":0},"end":{"line":40,"column":47}},"40":{"start":{"line":41,"column":0},"end":{"line":41,"column":22}},"41":{"start":{"line":42,"column":0},"end":{"line":42,"column":42}},"42":{"start":{"line":43,"column":0},"end":{"line":43,"column":64}},"43":{"start":{"line":44,"column":0},"end":{"line":44,"column":3}},"44":{"start":{"line":45,"column":0},"end":{"line":45,"column":22}},"45":{"start":{"line":46,"column":0},"end":{"line":46,"column":1}},"48":{"start":{"line":49,"column":0},"end":{"line":49,"column":50}},"49":{"start":{"line":50,"column":0},"end":{"line":50,"column":42}},"50":{"start":{"line":51,"column":0},"end":{"line":51,"column":44}},"51":{"start":{"line":52,"column":0},"end":{"line":52,"column":35}},"52":{"start":{"line":53,"column":0},"end":{"line":53,"column":16}},"53":{"start":{"line":54,"column":0},"end":{"line":54,"column":13}},"54":{"start":{"line":55,"column":0},"end":{"line":55,"column":1}},"57":{"start":{"line":58,"column":0},"end":{"line":58,"column":65}},"58":{"start":{"line":59,"column":0},"end":{"line":59,"column":77}},"59":{"start":{"line":60,"column":0},"end":{"line":60,"column":29}},"60":{"start":{"line":61,"column":0},"end":{"line":61,"column":1}},"70":{"start":{"line":71,"column":0},"end":{"line":71,"column":67}},"71":{"start":{"line":72,"column":0},"end":{"line":72,"column":77}},"72":{"start":{"line":73,"column":0},"end":{"line":73,"column":33}},"73":{"start":{"line":74,"column":0},"end":{"line":74,"column":26}},"74":{"start":{"line":75,"column":0},"end":{"line":75,"column":12}},"75":{"start":{"line":76,"column":0},"end":{"line":76,"column":75}},"76":{"start":{"line":77,"column":0},"end":{"line":77,"column":26}},"77":{"start":{"line":78,"column":0},"end":{"line":78,"column":44}},"78":{"start":{"line":79,"column":0},"end":{"line":79,"column":20}},"79":{"start":{"line":80,"column":0},"end":{"line":80,"column":9}},"80":{"start":{"line":81,"column":0},"end":{"line":81,"column":4}},"82":{"start":{"line":83,"column":0},"end":{"line":83,"column":78}},"83":{"start":{"line":84,"column":0},"end":{"line":84,"column":47}},"84":{"start":{"line":85,"column":0},"end":{"line":85,"column":45}},"86":{"start":{"line":87,"column":0},"end":{"line":87,"column":14}},"87":{"start":{"line":88,"column":0},"end":{"line":88,"column":55}},"88":{"start":{"line":89,"column":0},"end":{"line":89,"column":50}},"89":{"start":{"line":90,"column":0},"end":{"line":90,"column":3}},"90":{"start":{"line":91,"column":0},"end":{"line":91,"column":62}},"91":{"start":{"line":92,"column":0},"end":{"line":92,"column":15}},"92":{"start":{"line":93,"column":0},"end":{"line":93,"column":1}},"99":{"start":{"line":100,"column":0},"end":{"line":100,"column":79}},"100":{"start":{"line":101,"column":0},"end":{"line":101,"column":50}},"101":{"start":{"line":102,"column":0},"end":{"line":102,"column":54}},"102":{"start":{"line":103,"column":0},"end":{"line":103,"column":1}}},"s":{"20":1,"21":1,"32":1,"34":1,"36":1,"39":1,"40":9,"41":3,"42":3,"43":3,"44":9,"45":9,"48":18,"49":18,"50":18,"51":1,"52":1,"53":1,"54":1,"57":1,"58":11,"59":10,"60":10,"70":1,"71":9,"72":8,"73":8,"74":8,"75":8,"76":8,"77":8,"78":8,"79":8,"80":8,"82":8,"83":8,"84":8,"86":8,"87":9,"88":1502,"89":1502,"90":8,"91":8,"92":8,"99":1,"100":1,"101":1,"102":1},"branchMap":{"0":{"type":"branch","line":40,"loc":{"start":{"line":40,"column":7},"end":{"line":46,"column":1}},"locations":[{"start":{"line":40,"column":7},"end":{"line":46,"column":1}}]},"1":{"type":"branch","line":41,"loc":{"start":{"line":41,"column":21},"end":{"line":44,"column":3}},"locations":[{"start":{"line":41,"column":21},"end":{"line":44,"column":3}}]},"2":{"type":"branch","line":43,"loc":{"start":{"line":43,"column":40},"end":{"line":43,"column":62}},"locations":[{"start":{"line":43,"column":40},"end":{"line":43,"column":62}}]},"3":{"type":"branch","line":49,"loc":{"start":{"line":49,"column":0},"end":{"line":55,"column":1}},"locations":[{"start":{"line":49,"column":0},"end":{"line":55,"column":1}}]},"4":{"type":"branch","line":51,"loc":{"start":{"line":51,"column":32},"end":{"line":51,"column":44}},"locations":[{"start":{"line":51,"column":32},"end":{"line":51,"column":44}}]},"5":{"type":"branch","line":51,"loc":{"start":{"line":51,"column":39},"end":{"line":55,"column":1}},"locations":[{"start":{"line":51,"column":39},"end":{"line":55,"column":1}}]},"6":{"type":"branch","line":58,"loc":{"start":{"line":58,"column":7},"end":{"line":61,"column":1}},"locations":[{"start":{"line":58,"column":7},"end":{"line":61,"column":1}}]},"7":{"type":"branch","line":59,"loc":{"start":{"line":59,"column":33},"end":{"line":59,"column":77}},"locations":[{"start":{"line":59,"column":33},"end":{"line":59,"column":77}}]},"8":{"type":"branch","line":59,"loc":{"start":{"line":59,"column":75},"end":{"line":61,"column":1}},"locations":[{"start":{"line":59,"column":75},"end":{"line":61,"column":1}}]},"9":{"type":"branch","line":71,"loc":{"start":{"line":71,"column":7},"end":{"line":93,"column":1}},"locations":[{"start":{"line":71,"column":7},"end":{"line":93,"column":1}}]},"10":{"type":"branch","line":72,"loc":{"start":{"line":72,"column":33},"end":{"line":72,"column":77}},"locations":[{"start":{"line":72,"column":33},"end":{"line":72,"column":77}}]},"11":{"type":"branch","line":72,"loc":{"start":{"line":72,"column":75},"end":{"line":88,"column":54}},"locations":[{"start":{"line":72,"column":75},"end":{"line":88,"column":54}}]},"12":{"type":"branch","line":88,"loc":{"start":{"line":88,"column":54},"end":{"line":90,"column":3}},"locations":[{"start":{"line":88,"column":54},"end":{"line":90,"column":3}}]},"13":{"type":"branch","line":90,"loc":{"start":{"line":90,"column":2},"end":{"line":93,"column":1}},"locations":[{"start":{"line":90,"column":2},"end":{"line":93,"column":1}}]},"14":{"type":"branch","line":75,"loc":{"start":{"line":75,"column":5},"end":{"line":80,"column":7}},"locations":[{"start":{"line":75,"column":5},"end":{"line":80,"column":7}}]},"15":{"type":"branch","line":100,"loc":{"start":{"line":100,"column":7},"end":{"line":103,"column":1}},"locations":[{"start":{"line":100,"column":7},"end":{"line":103,"column":1}}]}},"b":{"0":[9],"1":[3],"2":[1488],"3":[18],"4":[17],"5":[1],"6":[11],"7":[1],"8":[10],"9":[9],"10":[1],"11":[8],"12":[1502],"13":[8],"14":[8],"15":[1]},"fnMap":{"0":{"name":"flashLoaderStub","decl":{"start":{"line":40,"column":7},"end":{"line":46,"column":1}},"loc":{"start":{"line":40,"column":7},"end":{"line":46,"column":1}},"line":40},"1":{"name":"padToLong","decl":{"start":{"line":49,"column":0},"end":{"line":55,"column":1}},"loc":{"start":{"line":49,"column":0},"end":{"line":55,"column":1}},"line":49},"2":{"name":"buildRamImage","decl":{"start":{"line":58,"column":7},"end":{"line":61,"column":1}},"loc":{"start":{"line":58,"column":7},"end":{"line":61,"column":1}},"line":58},"3":{"name":"buildFlashImage","decl":{"start":{"line":71,"column":7},"end":{"line":93,"column":1}},"loc":{"start":{"line":71,"column":7},"end":{"line":93,"column":1}},"line":71},"4":{"name":"estimateSeconds","decl":{"start":{"line":100,"column":7},"end":{"line":103,"column":1}},"loc":{"start":{"line":100,"column":7},"end":{"line":103,"column":1}},"line":100}},"f":{"0":9,"1":18,"2":11,"3":9,"4":1}}
,"/Users/rileymccarthy/Documents/MaD/Software/Control/src/firmware/p2loader.ts": {"path":"/Users/rileymccarthy/Documents/MaD/Software/Control/src/firmware/p2loader.ts","all":false,"statementMap":{"20":{"start":{"line":21,"column":0},"end":{"line":21,"column":43}},"21":{"start":{"line":22,"column":0},"end":{"line":22,"column":41}},"23":{"start":{"line":24,"column":0},"end":{"line":24,"column":24}},"25":{"start":{"line":26,"column":0},"end":{"line":26,"column":34}},"61":{"start":{"line":62,"column":0},"end":{"line":62,"column":42}},"62":{"start":{"line":63,"column":0},"end":{"line":63,"column":14}},"63":{"start":{"line":64,"column":0},"end":{"line":64,"column":20}},"65":{"start":{"line":66,"column":0},"end":{"line":66,"column":67}},"66":{"start":{"line":67,"column":0},"end":{"line":67,"column":5}},"67":{"start":{"line":68,"column":0},"end":{"line":68,"column":19}},"68":{"start":{"line":69,"column":0},"end":{"line":69,"column":32}},"69":{"start":{"line":70,"column":0},"end":{"line":70,"column":3}},"70":{"start":{"line":71,"column":0},"end":{"line":71,"column":1}},"72":{"start":{"line":73,"column":0},"end":{"line":73,"column":74}},"73":{"start":{"line":74,"column":0},"end":{"line":74,"column":79}},"81":{"start":{"line":82,"column":0},"end":{"line":82,"column":68}},"82":{"start":{"line":83,"column":0},"end":{"line":83,"column":23}},"83":{"start":{"line":84,"column":0},"end":{"line":84,"column":17}},"84":{"start":{"line":85,"column":0},"end":{"line":85,"column":24}},"85":{"start":{"line":86,"column":0},"end":{"line":86,"column":17}},"86":{"start":{"line":87,"column":0},"end":{"line":87,"column":23}},"87":{"start":{"line":88,"column":0},"end":{"line":88,"column":17}},"88":{"start":{"line":89,"column":0},"end":{"line":89,"column":23}},"89":{"start":{"line":90,"column":0},"end":{"line":90,"column":1}},"100":{"start":{"line":101,"column":0},"end":{"line":101,"column":31}},"101":{"start":{"line":102,"column":0},"end":{"line":102,"column":17}},"102":{"start":{"line":103,"column":0},"end":{"line":103,"column":14}},"103":{"start":{"line":104,"column":0},"end":{"line":104,"column":28}},"104":{"start":{"line":105,"column":0},"end":{"line":105,"column":20}},"105":{"start":{"line":106,"column":0},"end":{"line":106,"column":31}},"106":{"start":{"line":107,"column":0},"end":{"line":107,"column":25}},"107":{"start":{"line":108,"column":0},"end":{"line":108,"column":56}},"109":{"start":{"line":110,"column":0},"end":{"line":110,"column":37}},"110":{"start":{"line":111,"column":0},"end":{"line":111,"column":67}},"111":{"start":{"line":112,"column":0},"end":{"line":112,"column":25}},"112":{"start":{"line":113,"column":0},"end":{"line":113,"column":38}},"113":{"start":{"line":114,"column":0},"end":{"line":114,"column":20}},"114":{"start":{"line":115,"column":0},"end":{"line":115,"column":40}},"115":{"start":{"line":116,"column":0},"end":{"line":116,"column":57}},"118":{"start":{"line":119,"column":0},"end":{"line":119,"column":83}},"119":{"start":{"line":120,"column":0},"end":{"line":120,"column":45}},"120":{"start":{"line":121,"column":0},"end":{"line":121,"column":12}},"121":{"start":{"line":122,"column":0},"end":{"line":122,"column":27}},"122":{"start":{"line":123,"column":0},"end":{"line":123,"column":63}},"124":{"start":{"line":125,"column":0},"end":{"line":125,"column":28}},"125":{"start":{"line":126,"column":0},"end":{"line":126,"column":32}},"126":{"start":{"line":127,"column":0},"end":{"line":127,"column":83}},"127":{"start":{"line":128,"column":0},"end":{"line":128,"column":29}},"128":{"start":{"line":129,"column":0},"end":{"line":129,"column":10}},"129":{"start":{"line":130,"column":0},"end":{"line":130,"column":7}},"130":{"start":{"line":131,"column":0},"end":{"line":131,"column":21}},"131":{"start":{"line":132,"column":0},"end":{"line":132,"column":5}},"132":{"start":{"line":133,"column":0},"end":{"line":133,"column":3}},"133":{"start":{"line":134,"column":0},"end":{"line":134,"column":26}},"134":{"start":{"line":135,"column":0},"end":{"line":135,"column":91}},"136":{"start":{"line":137,"column":0},"end":{"line":137,"column":18}},"137":{"start":{"line":138,"column":0},"end":{"line":138,"column":4}},"138":{"start":{"line":139,"column":0},"end":{"line":139,"column":1}},"141":{"start":{"line":142,"column":0},"end":{"line":142,"column":46}},"142":{"start":{"line":143,"column":0},"end":{"line":143,"column":78}},"143":{"start":{"line":144,"column":0},"end":{"line":144,"column":14}},"144":{"start":{"line":145,"column":0},"end":{"line":145,"column":55}},"145":{"start":{"line":146,"column":0},"end":{"line":146,"column":50}},"146":{"start":{"line":147,"column":0},"end":{"line":147,"column":3}},"147":{"start":{"line":148,"column":0},"end":{"line":148,"column":19}},"148":{"start":{"line":149,"column":0},"end":{"line":149,"column":1}},"151":{"start":{"line":152,"column":0},"end":{"line":152,"column":47}},"152":{"start":{"line":153,"column":0},"end":{"line":153,"column":13}},"153":{"start":{"line":154,"column":0},"end":{"line":154,"column":68}},"154":{"start":{"line":155,"column":0},"end":{"line":155,"column":11}},"155":{"start":{"line":156,"column":0},"end":{"line":156,"column":1}},"177":{"start":{"line":178,"column":0},"end":{"line":178,"column":32}},"178":{"start":{"line":179,"column":0},"end":{"line":179,"column":17}},"179":{"start":{"line":180,"column":0},"end":{"line":180,"column":20}},"180":{"start":{"line":181,"column":0},"end":{"line":181,"column":75}},"181":{"start":{"line":182,"column":0},"end":{"line":182,"column":18}},"182":{"start":{"line":183,"column":0},"end":{"line":183,"column":35}},"183":{"start":{"line":184,"column":0},"end":{"line":184,"column":87}},"184":{"start":{"line":185,"column":0},"end":{"line":185,"column":3}},"186":{"start":{"line":187,"column":0},"end":{"line":187,"column":13}},"187":{"start":{"line":188,"column":0},"end":{"line":188,"column":25}},"188":{"start":{"line":189,"column":0},"end":{"line":189,"column":28}},"189":{"start":{"line":190,"column":0},"end":{"line":190,"column":54}},"190":{"start":{"line":191,"column":0},"end":{"line":191,"column":19}},"191":{"start":{"line":192,"column":0},"end":{"line":192,"column":5}},"192":{"start":{"line":193,"column":0},"end":{"line":193,"column":36}},"194":{"start":{"line":195,"column":0},"end":{"line":195,"column":19}},"195":{"start":{"line":196,"column":0},"end":{"line":196,"column":65}},"196":{"start":{"line":197,"column":0},"end":{"line":197,"column":29}},"197":{"start":{"line":198,"column":0},"end":{"line":198,"column":85}},"198":{"start":{"line":199,"column":0},"end":{"line":199,"column":70}},"199":{"start":{"line":200,"column":0},"end":{"line":200,"column":51}},"200":{"start":{"line":201,"column":0},"end":{"line":201,"column":59}},"201":{"start":{"line":202,"column":0},"end":{"line":202,"column":98}},"202":{"start":{"line":203,"column":0},"end":{"line":203,"column":3}},"204":{"start":{"line":205,"column":0},"end":{"line":205,"column":24}},"205":{"start":{"line":206,"column":0},"end":{"line":206,"column":55}},"206":{"start":{"line":207,"column":0},"end":{"line":207,"column":20}},"207":{"start":{"line":208,"column":0},"end":{"line":208,"column":11}},"208":{"start":{"line":209,"column":0},"end":{"line":209,"column":3}},"212":{"start":{"line":213,"column":0},"end":{"line":213,"column":50}},"213":{"start":{"line":214,"column":0},"end":{"line":214,"column":33}},"214":{"start":{"line":215,"column":0},"end":{"line":215,"column":54}},"215":{"start":{"line":216,"column":0},"end":{"line":216,"column":40}},"216":{"start":{"line":217,"column":0},"end":{"line":217,"column":28}},"217":{"start":{"line":218,"column":0},"end":{"line":218,"column":18}},"219":{"start":{"line":220,"column":0},"end":{"line":220,"column":71}},"220":{"start":{"line":221,"column":0},"end":{"line":221,"column":58}},"221":{"start":{"line":222,"column":0},"end":{"line":222,"column":22}},"222":{"start":{"line":223,"column":0},"end":{"line":223,"column":28}},"223":{"start":{"line":224,"column":0},"end":{"line":224,"column":91}},"225":{"start":{"line":226,"column":0},"end":{"line":226,"column":17}},"226":{"start":{"line":227,"column":0},"end":{"line":227,"column":6}},"227":{"start":{"line":228,"column":0},"end":{"line":228,"column":3}},"228":{"start":{"line":229,"column":0},"end":{"line":229,"column":1}}},"s":{"20":1,"21":1,"23":1,"25":1,"61":1,"62":1,"63":6,"65":6,"66":6,"67":6,"68":6,"69":6,"70":1,"72":1,"73":1,"81":26,"82":26,"83":26,"84":26,"85":26,"86":26,"87":26,"88":26,"89":26,"100":25,"101":25,"102":25,"103":25,"104":25,"105":25,"106":25,"107":25,"109":25,"110":30,"111":30,"112":30,"113":29,"114":29,"115":29,"118":29,"119":30,"120":30,"121":22,"122":22,"124":22,"125":1,"126":1,"127":1,"128":1,"129":1,"130":21,"131":21,"132":30,"133":2,"134":2,"136":2,"137":2,"138":2,"141":31,"142":31,"143":31,"144":31,"145":835,"146":835,"147":31,"148":31,"151":83,"152":83,"153":83,"154":83,"155":83,"177":21,"178":21,"179":21,"180":21,"181":21,"182":21,"183":1,"184":1,"186":21,"187":14,"188":14,"189":14,"190":14,"191":14,"192":21,"194":20,"195":21,"196":72,"197":72,"198":72,"199":71,"200":72,"201":72,"202":72,"204":21,"205":7,"206":7,"207":7,"208":7,"212":12,"213":12,"214":12,"215":12,"216":12,"217":12,"219":12,"220":16,"221":21,"222":2,"223":2,"225":2,"226":2,"227":2,"228":21},"branchMap":{"0":{"type":"branch","line":63,"loc":{"start":{"line":63,"column":2},"end":{"line":70,"column":3}},"locations":[{"start":{"line":63,"column":2},"end":{"line":70,"column":3}}]},"1":{"type":"branch","line":73,"loc":{"start":{"line":73,"column":14},"end":{"line":73,"column":74}},"locations":[{"start":{"line":73,"column":14},"end":{"line":73,"column":74}}]},"2":{"type":"branch","line":73,"loc":{"start":{"line":73,"column":48},"end":{"line":73,"column":72}},"locations":[{"start":{"line":73,"column":48},"end":{"line":73,"column":72}}]},"3":{"type":"branch","line":74,"loc":{"start":{"line":74,"column":14},"end":{"line":74,"column":79}},"locations":[{"start":{"line":74,"column":14},"end":{"line":74,"column":79}}]},"4":{"type":"branch","line":74,"loc":{"start":{"line":74,"column":48},"end":{"line":74,"column":77}},"locations":[{"start":{"line":74,"column":48},"end":{"line":74,"column":77}}]},"5":{"type":"branch","line":82,"loc":{"start":{"line":82,"column":0},"end":{"line":90,"column":1}},"locations":[{"start":{"line":82,"column":0},"end":{"line":90,"column":1}}]},"6":{"type":"branch","line":101,"loc":{"start":{"line":101,"column":0},"end":{"line":139,"column":1}},"locations":[{"start":{"line":101,"column":0},"end":{"line":139,"column":1}}]},"7":{"type":"branch","line":106,"loc":{"start":{"line":106,"column":2},"end":{"line":106,"column":31}},"locations":[{"start":{"line":106,"column":2},"end":{"line":106,"column":31}}]},"8":{"type":"branch","line":110,"loc":{"start":{"line":110,"column":36},"end":{"line":133,"column":3}},"locations":[{"start":{"line":110,"column":36},"end":{"line":133,"column":3}}]},"9":{"type":"branch","line":111,"loc":{"start":{"line":111,"column":4},"end":{"line":111,"column":67}},"locations":[{"start":{"line":111,"column":4},"end":{"line":111,"column":67}}]},"10":{"type":"branch","line":113,"loc":{"start":{"line":113,"column":36},"end":{"line":119,"column":83}},"locations":[{"start":{"line":113,"column":36},"end":{"line":119,"column":83}}]},"11":{"type":"branch","line":119,"loc":{"start":{"line":119,"column":4},"end":{"line":119,"column":83}},"locations":[{"start":{"line":119,"column":4},"end":{"line":119,"column":83}}]},"12":{"type":"branch","line":121,"loc":{"start":{"line":121,"column":11},"end":{"line":132,"column":5}},"locations":[{"start":{"line":121,"column":11},"end":{"line":132,"column":5}}]},"13":{"type":"branch","line":123,"loc":{"start":{"line":123,"column":6},"end":{"line":123,"column":63}},"locations":[{"start":{"line":123,"column":6},"end":{"line":123,"column":63}}]},"14":{"type":"branch","line":125,"loc":{"start":{"line":125,"column":27},"end":{"line":130,"column":7}},"locations":[{"start":{"line":125,"column":27},"end":{"line":130,"column":7}}]},"15":{"type":"branch","line":130,"loc":{"start":{"line":130,"column":6},"end":{"line":132,"column":5}},"locations":[{"start":{"line":130,"column":6},"end":{"line":132,"column":5}}]},"16":{"type":"branch","line":133,"loc":{"start":{"line":133,"column":2},"end":{"line":139,"column":1}},"locations":[{"start":{"line":133,"column":2},"end":{"line":139,"column":1}}]},"17":{"type":"branch","line":142,"loc":{"start":{"line":142,"column":0},"end":{"line":149,"column":1}},"locations":[{"start":{"line":142,"column":0},"end":{"line":149,"column":1}}]},"18":{"type":"branch","line":145,"loc":{"start":{"line":145,"column":54},"end":{"line":147,"column":3}},"locations":[{"start":{"line":145,"column":54},"end":{"line":147,"column":3}}]},"19":{"type":"branch","line":152,"loc":{"start":{"line":152,"column":0},"end":{"line":156,"column":1}},"locations":[{"start":{"line":152,"column":0},"end":{"line":156,"column":1}}]},"20":{"type":"branch","line":154,"loc":{"start":{"line":154,"column":25},"end":{"line":154,"column":68}},"locations":[{"start":{"line":154,"column":25},"end":{"line":154,"column":68}}]},"21":{"type":"branch","line":178,"loc":{"start":{"line":178,"column":0},"end":{"line":229,"column":1}},"locations":[{"start":{"line":178,"column":0},"end":{"line":229,"column":1}}]},"22":{"type":"branch","line":183,"loc":{"start":{"line":183,"column":34},"end":{"line":185,"column":3}},"locations":[{"start":{"line":183,"column":34},"end":{"line":185,"column":3}}]},"23":{"type":"branch","line":185,"loc":{"start":{"line":185,"column":2},"end":{"line":187,"column":12}},"locations":[{"start":{"line":185,"column":2},"end":{"line":187,"column":12}}]},"24":{"type":"branch","line":187,"loc":{"start":{"line":187,"column":2},"end":{"line":192,"column":5}},"locations":[{"start":{"line":187,"column":2},"end":{"line":192,"column":5}}]},"25":{"type":"branch","line":193,"loc":{"start":{"line":193,"column":34},"end":{"line":196,"column":64}},"locations":[{"start":{"line":193,"column":34},"end":{"line":196,"column":64}}]},"26":{"type":"branch","line":196,"loc":{"start":{"line":196,"column":64},"end":{"line":203,"column":3}},"locations":[{"start":{"line":196,"column":64},"end":{"line":203,"column":3}}]},"27":{"type":"branch","line":197,"loc":{"start":{"line":197,"column":4},"end":{"line":197,"column":27}},"locations":[{"start":{"line":197,"column":4},"end":{"line":197,"column":27}}]},"28":{"type":"branch","line":199,"loc":{"start":{"line":199,"column":24},"end":{"line":199,"column":70}},"locations":[{"start":{"line":199,"column":24},"end":{"line":199,"column":70}}]},"29":{"type":"branch","line":199,"loc":{"start":{"line":199,"column":68},"end":{"line":201,"column":17}},"locations":[{"start":{"line":199,"column":68},"end":{"line":201,"column":17}}]},"30":{"type":"branch","line":201,"loc":{"start":{"line":201,"column":4},"end":{"line":201,"column":59}},"locations":[{"start":{"line":201,"column":4},"end":{"line":201,"column":59}}]},"31":{"type":"branch","line":202,"loc":{"start":{"line":202,"column":4},"end":{"line":202,"column":98}},"locations":[{"start":{"line":202,"column":4},"end":{"line":202,"column":98}}]},"32":{"type":"branch","line":203,"loc":{"start":{"line":203,"column":2},"end":{"line":205,"column":23}},"locations":[{"start":{"line":203,"column":2},"end":{"line":205,"column":23}}]},"33":{"type":"branch","line":205,"loc":{"start":{"line":205,"column":23},"end":{"line":221,"column":58}},"locations":[{"start":{"line":205,"column":23},"end":{"line":221,"column":58}}]},"34":{"type":"branch","line":205,"loc":{"start":{"line":205,"column":23},"end":{"line":209,"column":3}},"locations":[{"start":{"line":205,"column":23},"end":{"line":209,"column":3}}]},"35":{"type":"branch","line":209,"loc":{"start":{"line":209,"column":2},"end":{"line":221,"column":58}},"locations":[{"start":{"line":209,"column":2},"end":{"line":221,"column":58}}]},"36":{"type":"branch","line":209,"loc":{"start":{"line":209,"column":2},"end":{"line":221,"column":12}},"locations":[{"start":{"line":209,"column":2},"end":{"line":221,"column":12}}]},"37":{"type":"branch","line":221,"loc":{"start":{"line":221,"column":2},"end":{"line":221,"column":58}},"locations":[{"start":{"line":221,"column":2},"end":{"line":221,"column":58}}]},"38":{"type":"branch","line":222,"loc":{"start":{"line":222,"column":21},"end":{"line":228,"column":3}},"locations":[{"start":{"line":222,"column":21},"end":{"line":228,"column":3}}]}},"b":{"0":[6],"1":[103],"2":[103],"3":[152],"4":[25804],"5":[26],"6":[25],"7":[16],"8":[30],"9":[20],"10":[29],"11":[19],"12":[22],"13":[14],"14":[1],"15":[21],"16":[2],"17":[31],"18":[835],"19":[83],"20":[8204],"21":[21],"22":[1],"23":[20],"24":[14],"25":[20],"26":[72],"27":[3],"28":[31],"29":[71],"30":[64],"31":[59],"32":[19],"33":[17],"34":[7],"35":[16],"36":[12],"37":[8],"38":[2]},"fnMap":{"0":{"name":"P2LoaderError","decl":{"start":{"line":63,"column":2},"end":{"line":70,"column":3}},"loc":{"start":{"line":63,"column":2},"end":{"line":70,"column":3}},"line":63},"1":{"name":"delay","decl":{"start":{"line":73,"column":14},"end":{"line":73,"column":74}},"loc":{"start":{"line":73,"column":14},"end":{"line":73,"column":74}},"line":73},"2":{"name":"ascii","decl":{"start":{"line":74,"column":14},"end":{"line":74,"column":79}},"loc":{"start":{"line":74,"column":14},"end":{"line":74,"column":79}},"line":74},"3":{"name":"hardwareReset","decl":{"start":{"line":82,"column":0},"end":{"line":90,"column":1}},"loc":{"start":{"line":82,"column":0},"end":{"line":90,"column":1}},"line":82},"4":{"name":"detectP2","decl":{"start":{"line":101,"column":0},"end":{"line":139,"column":1}},"loc":{"start":{"line":101,"column":0},"end":{"line":139,"column":1}},"line":101},"5":{"name":"sumLongs","decl":{"start":{"line":142,"column":0},"end":{"line":149,"column":1}},"loc":{"start":{"line":142,"column":0},"end":{"line":149,"column":1}},"line":142},"6":{"name":"toHexLine","decl":{"start":{"line":152,"column":0},"end":{"line":156,"column":1}},"loc":{"start":{"line":152,"column":0},"end":{"line":156,"column":1}},"line":152},"7":{"name":"loadImage","decl":{"start":{"line":178,"column":0},"end":{"line":229,"column":1}},"loc":{"start":{"line":178,"column":0},"end":{"line":229,"column":1}},"line":178}},"f":{"0":6,"1":103,"2":152,"3":26,"4":25,"5":31,"6":83,"7":21}}
,"/Users/rileymccarthy/Documents/MaD/Software/Control/src/firmware/portPref.ts": {"path":"/Users/rileymccarthy/Documents/MaD/Software/Control/src/firmware/portPref.ts","all":false,"statementMap":{"13":{"start":{"line":14,"column":0},"end":{"line":14,"column":39}},"27":{"start":{"line":28,"column":0},"end":{"line":28,"column":67}},"28":{"start":{"line":29,"column":0},"end":{"line":29,"column":30}},"29":{"start":{"line":30,"column":0},"end":{"line":30,"column":74}},"30":{"start":{"line":31,"column":0},"end":{"line":31,"column":61}},"31":{"start":{"line":32,"column":0},"end":{"line":32,"column":69}},"32":{"start":{"line":33,"column":0},"end":{"line":33,"column":29}},"33":{"start":{"line":34,"column":0},"end":{"line":34,"column":1}},"35":{"start":{"line":36,"column":0},"end":{"line":36,"column":74}},"36":{"start":{"line":37,"column":0},"end":{"line":37,"column":7}},"37":{"start":{"line":38,"column":0},"end":{"line":38,"column":32}},"38":{"start":{"line":39,"column":0},"end":{"line":39,"column":33}},"39":{"start":{"line":40,"column":0},"end":{"line":40,"column":33}},"40":{"start":{"line":41,"column":0},"end":{"line":41,"column":35}},"41":{"start":{"line":42,"column":0},"end":{"line":42,"column":12}},"42":{"start":{"line":43,"column":0},"end":{"line":43,"column":6}},"43":{"start":{"line":44,"column":0},"end":{"line":44,"column":63}},"44":{"start":{"line":45,"column":0},"end":{"line":45,"column":11}},"46":{"start":{"line":47,"column":0},"end":{"line":47,"column":3}},"47":{"start":{"line":48,"column":0},"end":{"line":48,"column":1}},"49":{"start":{"line":50,"column":0},"end":{"line":50,"column":59}},"50":{"start":{"line":51,"column":0},"end":{"line":51,"column":7}},"51":{"start":{"line":52,"column":0},"end":{"line":52,"column":94}},"52":{"start":{"line":53,"column":0},"end":{"line":53,"column":11}},"53":{"start":{"line":54,"column":0},"end":{"line":54,"column":16}},"54":{"start":{"line":55,"column":0},"end":{"line":55,"column":3}},"55":{"start":{"line":56,"column":0},"end":{"line":56,"column":1}},"57":{"start":{"line":58,"column":0},"end":{"line":58,"column":41}},"58":{"start":{"line":59,"column":0},"end":{"line":59,"column":7}},"59":{"start":{"line":60,"column":0},"end":{"line":60,"column":44}},"60":{"start":{"line":61,"column":0},"end":{"line":61,"column":11}},"62":{"start":{"line":63,"column":0},"end":{"line":63,"column":3}},"63":{"start":{"line":64,"column":0},"end":{"line":64,"column":1}},"80":{"start":{"line":81,"column":0},"end":{"line":81,"column":99}},"81":{"start":{"line":82,"column":0},"end":{"line":82,"column":50}},"82":{"start":{"line":83,"column":0},"end":{"line":83,"column":101}},"84":{"start":{"line":85,"column":0},"end":{"line":85,"column":37}},"85":{"start":{"line":86,"column":0},"end":{"line":86,"column":25}},"86":{"start":{"line":87,"column":0},"end":{"line":87,"column":46}},"87":{"start":{"line":88,"column":0},"end":{"line":88,"column":29}},"88":{"start":{"line":89,"column":0},"end":{"line":89,"column":36}},"89":{"start":{"line":90,"column":0},"end":{"line":90,"column":90}},"90":{"start":{"line":91,"column":0},"end":{"line":91,"column":9}},"91":{"start":{"line":92,"column":0},"end":{"line":92,"column":31}},"92":{"start":{"line":93,"column":0},"end":{"line":93,"column":71}},"93":{"start":{"line":94,"column":0},"end":{"line":94,"column":5}},"96":{"start":{"line":97,"column":0},"end":{"line":97,"column":69}},"97":{"start":{"line":98,"column":0},"end":{"line":98,"column":77}},"98":{"start":{"line":99,"column":0},"end":{"line":99,"column":3}},"100":{"start":{"line":101,"column":0},"end":{"line":101,"column":38}},"101":{"start":{"line":102,"column":0},"end":{"line":102,"column":1}},"104":{"start":{"line":105,"column":0},"end":{"line":105,"column":42}},"110":{"start":{"line":111,"column":0},"end":{"line":111,"column":67}},"111":{"start":{"line":112,"column":0},"end":{"line":112,"column":47}},"112":{"start":{"line":113,"column":0},"end":{"line":113,"column":31}},"113":{"start":{"line":114,"column":0},"end":{"line":114,"column":175}},"114":{"start":{"line":115,"column":0},"end":{"line":115,"column":3}},"115":{"start":{"line":116,"column":0},"end":{"line":116,"column":14}},"116":{"start":{"line":117,"column":0},"end":{"line":117,"column":1}}},"s":{"13":1,"27":1,"28":2,"29":2,"30":1,"31":2,"32":2,"33":2,"35":1,"36":2,"37":2,"38":2,"39":2,"40":2,"41":2,"42":2,"43":2,"44":2,"46":0,"47":2,"49":1,"50":3,"51":3,"52":3,"53":1,"54":1,"55":3,"57":1,"58":1,"59":1,"60":1,"62":0,"63":1,"80":1,"81":8,"82":8,"84":8,"85":4,"86":4,"87":4,"88":8,"89":8,"90":4,"91":4,"92":1,"93":1,"96":3,"97":4,"98":4,"100":4,"101":4,"104":1,"110":1,"111":4,"112":4,"113":1,"114":1,"115":2,"116":2},"branchMap":{"0":{"type":"branch","line":28,"loc":{"start":{"line":28,"column":7},"end":{"line":34,"column":1}},"locations":[{"start":{"line":28,"column":7},"end":{"line":34,"column":1}}]},"1":{"type":"branch","line":30,"loc":{"start":{"line":30,"column":38},"end":{"line":32,"column":36}},"locations":[{"start":{"line":30,"column":38},"end":{"line":32,"column":36}}]},"2":{"type":"branch","line":32,"loc":{"start":{"line":32,"column":20},"end":{"line":32,"column":39}},"locations":[{"start":{"line":32,"column":20},"end":{"line":32,"column":39}}]},"3":{"type":"branch","line":36,"loc":{"start":{"line":36,"column":7},"end":{"line":48,"column":1}},"locations":[{"start":{"line":36,"column":7},"end":{"line":48,"column":1}}]},"4":{"type":"branch","line":45,"loc":{"start":{"line":45,"column":2},"end":{"line":47,"column":3}},"locations":[{"start":{"line":45,"column":2},"end":{"line":47,"column":3}}]},"5":{"type":"branch","line":50,"loc":{"start":{"line":50,"column":7},"end":{"line":56,"column":1}},"locations":[{"start":{"line":50,"column":7},"end":{"line":56,"column":1}}]},"6":{"type":"branch","line":52,"loc":{"start":{"line":52,"column":57},"end":{"line":52,"column":68}},"locations":[{"start":{"line":52,"column":57},"end":{"line":52,"column":68}}]},"7":{"type":"branch","line":53,"loc":{"start":{"line":53,"column":2},"end":{"line":55,"column":3}},"locations":[{"start":{"line":53,"column":2},"end":{"line":55,"column":3}}]},"8":{"type":"branch","line":58,"loc":{"start":{"line":58,"column":7},"end":{"line":64,"column":1}},"locations":[{"start":{"line":58,"column":7},"end":{"line":64,"column":1}}]},"9":{"type":"branch","line":61,"loc":{"start":{"line":61,"column":2},"end":{"line":63,"column":3}},"locations":[{"start":{"line":61,"column":2},"end":{"line":63,"column":3}}]},"10":{"type":"branch","line":81,"loc":{"start":{"line":81,"column":7},"end":{"line":102,"column":1}},"locations":[{"start":{"line":81,"column":7},"end":{"line":102,"column":1}}]},"11":{"type":"branch","line":82,"loc":{"start":{"line":82,"column":26},"end":{"line":82,"column":50}},"locations":[{"start":{"line":82,"column":26},"end":{"line":82,"column":50}}]},"12":{"type":"branch","line":82,"loc":{"start":{"line":82,"column":48},"end":{"line":83,"column":33}},"locations":[{"start":{"line":82,"column":48},"end":{"line":83,"column":33}}]},"13":{"type":"branch","line":83,"loc":{"start":{"line":83,"column":26},"end":{"line":83,"column":101}},"locations":[{"start":{"line":83,"column":26},"end":{"line":83,"column":101}}]},"14":{"type":"branch","line":83,"loc":{"start":{"line":83,"column":99},"end":{"line":85,"column":12}},"locations":[{"start":{"line":83,"column":99},"end":{"line":85,"column":12}}]},"15":{"type":"branch","line":85,"loc":{"start":{"line":85,"column":6},"end":{"line":85,"column":25}},"locations":[{"start":{"line":85,"column":6},"end":{"line":85,"column":25}}]},"16":{"type":"branch","line":85,"loc":{"start":{"line":85,"column":36},"end":{"line":102,"column":1}},"locations":[{"start":{"line":85,"column":36},"end":{"line":102,"column":1}}]},"17":{"type":"branch","line":92,"loc":{"start":{"line":92,"column":30},"end":{"line":94,"column":5}},"locations":[{"start":{"line":92,"column":30},"end":{"line":94,"column":5}}]},"18":{"type":"branch","line":94,"loc":{"start":{"line":94,"column":4},"end":{"line":98,"column":23}},"locations":[{"start":{"line":94,"column":4},"end":{"line":98,"column":23}}]},"19":{"type":"branch","line":98,"loc":{"start":{"line":98,"column":16},"end":{"line":98,"column":77}},"locations":[{"start":{"line":98,"column":16},"end":{"line":98,"column":77}}]},"20":{"type":"branch","line":87,"loc":{"start":{"line":87,"column":11},"end":{"line":87,"column":45}},"locations":[{"start":{"line":87,"column":11},"end":{"line":87,"column":45}}]},"21":{"type":"branch","line":88,"loc":{"start":{"line":88,"column":14},"end":{"line":91,"column":7}},"locations":[{"start":{"line":88,"column":14},"end":{"line":91,"column":7}}]},"22":{"type":"branch","line":90,"loc":{"start":{"line":90,"column":41},"end":{"line":90,"column":90}},"locations":[{"start":{"line":90,"column":41},"end":{"line":90,"column":90}}]},"23":{"type":"branch","line":97,"loc":{"start":{"line":97,"column":32},"end":{"line":97,"column":67}},"locations":[{"start":{"line":97,"column":32},"end":{"line":97,"column":67}}]},"24":{"type":"branch","line":111,"loc":{"start":{"line":111,"column":7},"end":{"line":117,"column":1}},"locations":[{"start":{"line":111,"column":7},"end":{"line":117,"column":1}}]},"25":{"type":"branch","line":112,"loc":{"start":{"line":112,"column":18},"end":{"line":112,"column":47}},"locations":[{"start":{"line":112,"column":18},"end":{"line":112,"column":47}}]},"26":{"type":"branch","line":112,"loc":{"start":{"line":112,"column":25},"end":{"line":113,"column":30}},"locations":[{"start":{"line":112,"column":25},"end":{"line":113,"column":30}}]},"27":{"type":"branch","line":113,"loc":{"start":{"line":113,"column":30},"end":{"line":115,"column":3}},"locations":[{"start":{"line":113,"column":30},"end":{"line":115,"column":3}}]},"28":{"type":"branch","line":115,"loc":{"start":{"line":115,"column":2},"end":{"line":117,"column":1}},"locations":[{"start":{"line":115,"column":2},"end":{"line":117,"column":1}}]}},"b":{"0":[2],"1":[1],"2":[0],"3":[2],"4":[0],"5":[3],"6":[1],"7":[1],"8":[1],"9":[0],"10":[8],"11":[1],"12":[7],"13":[1],"14":[6],"15":[5],"16":[4],"17":[1],"18":[3],"19":[1],"20":[8],"21":[8],"22":[5],"23":[4],"24":[4],"25":[1],"26":[3],"27":[1],"28":[2]},"fnMap":{"0":{"name":"describePort","decl":{"start":{"line":28,"column":7},"end":{"line":34,"column":1}},"loc":{"start":{"line":28,"column":7},"end":{"line":34,"column":1}},"line":28},"1":{"name":"rememberFlashPort","decl":{"start":{"line":36,"column":7},"end":{"line":48,"column":1}},"loc":{"start":{"line":36,"column":7},"end":{"line":48,"column":1}},"line":36},"2":{"name":"readFlashPortPref","decl":{"start":{"line":50,"column":7},"end":{"line":56,"column":1}},"loc":{"start":{"line":50,"column":7},"end":{"line":56,"column":1}},"line":50},"3":{"name":"forgetFlashPort","decl":{"start":{"line":58,"column":7},"end":{"line":64,"column":1}},"loc":{"start":{"line":58,"column":7},"end":{"line":64,"column":1}},"line":58},"4":{"name":"resolveFlashPort","decl":{"start":{"line":81,"column":7},"end":{"line":102,"column":1}},"loc":{"start":{"line":81,"column":7},"end":{"line":102,"column":1}},"line":81},"5":{"name":"validateFirmwareFile","decl":{"start":{"line":111,"column":7},"end":{"line":117,"column":1}},"loc":{"start":{"line":111,"column":7},"end":{"line":117,"column":1}},"line":111}},"f":{"0":2,"1":2,"2":3,"3":1,"4":8,"5":4}}
,"/Users/rileymccarthy/Documents/MaD/Software/Control/src/firmware/program.ts": {"path":"/Users/rileymccarthy/Documents/MaD/Software/Control/src/firmware/program.ts","all":false,"statementMap":{"0":{"start":{"line":1,"column":0},"end":{"line":1,"column":3}},"9":{"start":{"line":10,"column":0},"end":{"line":10,"column":28}},"12":{"start":{"line":13,"column":0},"end":{"line":13,"column":26}},"22":{"start":{"line":23,"column":0},"end":{"line":23,"column":59}},"23":{"start":{"line":24,"column":0},"end":{"line":24,"column":35}},"24":{"start":{"line":25,"column":0},"end":{"line":25,"column":21}},"25":{"start":{"line":26,"column":0},"end":{"line":26,"column":25}},"26":{"start":{"line":27,"column":0},"end":{"line":27,"column":19}},"27":{"start":{"line":28,"column":0},"end":{"line":28,"column":57}},"28":{"start":{"line":29,"column":0},"end":{"line":29,"column":14}},"29":{"start":{"line":30,"column":0},"end":{"line":30,"column":28}},"30":{"start":{"line":31,"column":0},"end":{"line":31,"column":49}},"31":{"start":{"line":32,"column":0},"end":{"line":32,"column":33}},"32":{"start":{"line":33,"column":0},"end":{"line":33,"column":33}},"33":{"start":{"line":34,"column":0},"end":{"line":34,"column":11}},"34":{"start":{"line":35,"column":0},"end":{"line":35,"column":14}},"35":{"start":{"line":36,"column":0},"end":{"line":36,"column":26}},"38":{"start":{"line":39,"column":0},"end":{"line":39,"column":30}},"39":{"start":{"line":40,"column":0},"end":{"line":40,"column":48}},"40":{"start":{"line":41,"column":0},"end":{"line":41,"column":35}},"41":{"start":{"line":42,"column":0},"end":{"line":42,"column":31}},"42":{"start":{"line":43,"column":0},"end":{"line":43,"column":46}},"43":{"start":{"line":44,"column":0},"end":{"line":44,"column":13}},"44":{"start":{"line":45,"column":0},"end":{"line":45,"column":9}},"45":{"start":{"line":46,"column":0},"end":{"line":46,"column":14}},"46":{"start":{"line":47,"column":0},"end":{"line":47,"column":22}},"47":{"start":{"line":48,"column":0},"end":{"line":48,"column":89}},"48":{"start":{"line":49,"column":0},"end":{"line":49,"column":14}},"49":{"start":{"line":50,"column":0},"end":{"line":50,"column":26}},"50":{"start":{"line":51,"column":0},"end":{"line":51,"column":37}},"51":{"start":{"line":52,"column":0},"end":{"line":52,"column":45}},"52":{"start":{"line":53,"column":0},"end":{"line":53,"column":29}},"53":{"start":{"line":54,"column":0},"end":{"line":54,"column":31}},"54":{"start":{"line":55,"column":0},"end":{"line":55,"column":47}},"55":{"start":{"line":56,"column":0},"end":{"line":56,"column":11}},"56":{"start":{"line":57,"column":0},"end":{"line":57,"column":14}},"57":{"start":{"line":58,"column":0},"end":{"line":58,"column":31}},"58":{"start":{"line":59,"column":0},"end":{"line":59,"column":72}},"59":{"start":{"line":60,"column":0},"end":{"line":60,"column":43}},"60":{"start":{"line":61,"column":0},"end":{"line":61,"column":92}},"61":{"start":{"line":62,"column":0},"end":{"line":62,"column":63}},"62":{"start":{"line":63,"column":0},"end":{"line":63,"column":27}},"63":{"start":{"line":64,"column":0},"end":{"line":64,"column":29}},"64":{"start":{"line":65,"column":0},"end":{"line":65,"column":11}},"65":{"start":{"line":66,"column":0},"end":{"line":66,"column":14}},"66":{"start":{"line":67,"column":0},"end":{"line":67,"column":7}},"67":{"start":{"line":68,"column":0},"end":{"line":68,"column":20}},"68":{"start":{"line":69,"column":0},"end":{"line":69,"column":62}},"69":{"start":{"line":70,"column":0},"end":{"line":70,"column":94}},"70":{"start":{"line":71,"column":0},"end":{"line":71,"column":14}},"71":{"start":{"line":72,"column":0},"end":{"line":72,"column":14}},"72":{"start":{"line":73,"column":0},"end":{"line":73,"column":14}},"73":{"start":{"line":74,"column":0},"end":{"line":74,"column":5}},"74":{"start":{"line":75,"column":0},"end":{"line":75,"column":4}},"75":{"start":{"line":76,"column":0},"end":{"line":76,"column":1}},"106":{"start":{"line":107,"column":0},"end":{"line":107,"column":39}},"107":{"start":{"line":108,"column":0},"end":{"line":108,"column":25}},"108":{"start":{"line":109,"column":0},"end":{"line":109,"column":23}},"109":{"start":{"line":110,"column":0},"end":{"line":110,"column":47}},"110":{"start":{"line":111,"column":0},"end":{"line":111,"column":27}},"111":{"start":{"line":112,"column":0},"end":{"line":112,"column":37}},"112":{"start":{"line":113,"column":0},"end":{"line":113,"column":28}},"113":{"start":{"line":114,"column":0},"end":{"line":114,"column":40}},"114":{"start":{"line":115,"column":0},"end":{"line":115,"column":92}},"116":{"start":{"line":117,"column":0},"end":{"line":117,"column":7}},"117":{"start":{"line":118,"column":0},"end":{"line":118,"column":41}},"118":{"start":{"line":119,"column":0},"end":{"line":119,"column":61}},"119":{"start":{"line":120,"column":0},"end":{"line":120,"column":29}},"121":{"start":{"line":122,"column":0},"end":{"line":122,"column":89}},"123":{"start":{"line":124,"column":0},"end":{"line":124,"column":24}},"124":{"start":{"line":125,"column":0},"end":{"line":125,"column":75}},"125":{"start":{"line":126,"column":0},"end":{"line":126,"column":39}},"128":{"start":{"line":129,"column":0},"end":{"line":129,"column":37}},"129":{"start":{"line":130,"column":0},"end":{"line":130,"column":85}},"130":{"start":{"line":131,"column":0},"end":{"line":131,"column":14}},"131":{"start":{"line":132,"column":0},"end":{"line":132,"column":13}},"132":{"start":{"line":133,"column":0},"end":{"line":133,"column":7}},"134":{"start":{"line":135,"column":0},"end":{"line":135,"column":24}},"135":{"start":{"line":136,"column":0},"end":{"line":136,"column":41}},"136":{"start":{"line":137,"column":0},"end":{"line":137,"column":36}},"137":{"start":{"line":138,"column":0},"end":{"line":138,"column":46}},"138":{"start":{"line":139,"column":0},"end":{"line":139,"column":11}},"139":{"start":{"line":140,"column":0},"end":{"line":140,"column":17}},"140":{"start":{"line":141,"column":0},"end":{"line":141,"column":35}},"141":{"start":{"line":142,"column":0},"end":{"line":142,"column":45}},"142":{"start":{"line":143,"column":0},"end":{"line":143,"column":7}},"143":{"start":{"line":144,"column":0},"end":{"line":144,"column":56}},"144":{"start":{"line":145,"column":0},"end":{"line":145,"column":17}},"147":{"start":{"line":148,"column":0},"end":{"line":148,"column":75}},"148":{"start":{"line":149,"column":0},"end":{"line":149,"column":11}},"149":{"start":{"line":150,"column":0},"end":{"line":150,"column":12}},"150":{"start":{"line":151,"column":0},"end":{"line":151,"column":44}},"151":{"start":{"line":152,"column":0},"end":{"line":152,"column":40}},"152":{"start":{"line":153,"column":0},"end":{"line":153,"column":45}},"153":{"start":{"line":154,"column":0},"end":{"line":154,"column":7}},"154":{"start":{"line":155,"column":0},"end":{"line":155,"column":14}},"155":{"start":{"line":156,"column":0},"end":{"line":156,"column":3}},"156":{"start":{"line":157,"column":0},"end":{"line":157,"column":1}},"162":{"start":{"line":163,"column":0},"end":{"line":163,"column":34}},"163":{"start":{"line":164,"column":0},"end":{"line":164,"column":19}},"164":{"start":{"line":165,"column":0},"end":{"line":165,"column":23}},"165":{"start":{"line":166,"column":0},"end":{"line":166,"column":26}},"166":{"start":{"line":167,"column":0},"end":{"line":167,"column":27}},"167":{"start":{"line":168,"column":0},"end":{"line":168,"column":74}},"168":{"start":{"line":169,"column":0},"end":{"line":169,"column":7}},"169":{"start":{"line":170,"column":0},"end":{"line":170,"column":64}},"170":{"start":{"line":171,"column":0},"end":{"line":171,"column":13}},"171":{"start":{"line":172,"column":0},"end":{"line":172,"column":28}},"172":{"start":{"line":173,"column":0},"end":{"line":173,"column":3}},"173":{"start":{"line":174,"column":0},"end":{"line":174,"column":1}}},"s":{"0":1,"9":1,"12":1,"22":16,"23":16,"24":16,"25":150,"26":150,"27":16,"28":16,"29":150,"30":20,"31":20,"32":20,"33":20,"34":20,"35":150,"38":19,"39":14,"40":14,"41":14,"42":14,"43":14,"44":14,"45":19,"46":150,"47":14,"48":14,"49":150,"50":14,"51":14,"52":14,"53":14,"54":14,"55":14,"56":14,"57":150,"58":59,"59":59,"60":57,"61":57,"62":57,"63":57,"64":57,"65":57,"66":57,"67":150,"68":8,"69":1,"70":8,"71":150,"72":0,"73":150,"74":150,"75":16,"106":16,"107":16,"108":16,"109":16,"110":16,"111":16,"112":16,"113":16,"114":16,"116":16,"117":16,"118":16,"119":16,"121":16,"123":16,"124":16,"125":16,"128":16,"129":16,"130":16,"131":16,"132":16,"134":13,"135":14,"136":16,"137":16,"138":16,"139":16,"140":16,"141":16,"142":16,"143":16,"144":16,"147":3,"148":3,"149":3,"150":3,"151":3,"152":3,"153":3,"154":3,"155":3,"156":16,"162":7,"163":7,"164":7,"165":7,"166":7,"167":7,"168":6,"169":6,"170":6,"171":6,"172":6,"173":7},"branchMap":{"0":{"type":"branch","line":23,"loc":{"start":{"line":23,"column":0},"end":{"line":76,"column":1}},"locations":[{"start":{"line":23,"column":0},"end":{"line":76,"column":1}}]},"1":{"type":"branch","line":25,"loc":{"start":{"line":25,"column":9},"end":{"line":75,"column":4}},"locations":[{"start":{"line":25,"column":9},"end":{"line":75,"column":4}}]},"2":{"type":"branch","line":27,"loc":{"start":{"line":27,"column":6},"end":{"line":29,"column":14}},"locations":[{"start":{"line":27,"column":6},"end":{"line":29,"column":14}}]},"3":{"type":"branch","line":30,"loc":{"start":{"line":30,"column":6},"end":{"line":35,"column":14}},"locations":[{"start":{"line":30,"column":6},"end":{"line":35,"column":14}}]},"4":{"type":"branch","line":36,"loc":{"start":{"line":36,"column":6},"end":{"line":46,"column":14}},"locations":[{"start":{"line":36,"column":6},"end":{"line":46,"column":14}}]},"5":{"type":"branch","line":39,"loc":{"start":{"line":39,"column":29},"end":{"line":45,"column":9}},"locations":[{"start":{"line":39,"column":29},"end":{"line":45,"column":9}}]},"6":{"type":"branch","line":47,"loc":{"start":{"line":47,"column":6},"end":{"line":49,"column":14}},"locations":[{"start":{"line":47,"column":6},"end":{"line":49,"column":14}}]},"7":{"type":"branch","line":50,"loc":{"start":{"line":50,"column":6},"end":{"line":57,"column":14}},"locations":[{"start":{"line":50,"column":6},"end":{"line":57,"column":14}}]},"8":{"type":"branch","line":58,"loc":{"start":{"line":58,"column":6},"end":{"line":67,"column":7}},"locations":[{"start":{"line":58,"column":6},"end":{"line":67,"column":7}}]},"9":{"type":"branch","line":59,"loc":{"start":{"line":59,"column":62},"end":{"line":59,"column":72}},"locations":[{"start":{"line":59,"column":62},"end":{"line":59,"column":72}}]},"10":{"type":"branch","line":60,"loc":{"start":{"line":60,"column":37},"end":{"line":60,"column":43}},"locations":[{"start":{"line":60,"column":37},"end":{"line":60,"column":43}}]},"11":{"type":"branch","line":60,"loc":{"start":{"line":60,"column":37},"end":{"line":67,"column":7}},"locations":[{"start":{"line":60,"column":37},"end":{"line":67,"column":7}}]},"12":{"type":"branch","line":68,"loc":{"start":{"line":68,"column":6},"end":{"line":71,"column":14}},"locations":[{"start":{"line":68,"column":6},"end":{"line":71,"column":14}}]},"13":{"type":"branch","line":69,"loc":{"start":{"line":69,"column":22},"end":{"line":69,"column":62}},"locations":[{"start":{"line":69,"column":22},"end":{"line":69,"column":62}}]},"14":{"type":"branch","line":69,"loc":{"start":{"line":69,"column":60},"end":{"line":70,"column":94}},"locations":[{"start":{"line":69,"column":60},"end":{"line":70,"column":94}}]},"15":{"type":"branch","line":72,"loc":{"start":{"line":72,"column":6},"end":{"line":73,"column":14}},"locations":[{"start":{"line":72,"column":6},"end":{"line":73,"column":14}}]},"16":{"type":"branch","line":107,"loc":{"start":{"line":107,"column":0},"end":{"line":157,"column":1}},"locations":[{"start":{"line":107,"column":0},"end":{"line":157,"column":1}}]},"17":{"type":"branch","line":118,"loc":{"start":{"line":118,"column":4},"end":{"line":118,"column":41}},"locations":[{"start":{"line":118,"column":4},"end":{"line":118,"column":41}}]},"18":{"type":"branch","line":119,"loc":{"start":{"line":119,"column":59},"end":{"line":120,"column":12}},"locations":[{"start":{"line":119,"column":59},"end":{"line":120,"column":12}}]},"19":{"type":"branch","line":120,"loc":{"start":{"line":120,"column":4},"end":{"line":120,"column":27}},"locations":[{"start":{"line":120,"column":4},"end":{"line":120,"column":27}}]},"20":{"type":"branch","line":122,"loc":{"start":{"line":122,"column":27},"end":{"line":122,"column":65}},"locations":[{"start":{"line":122,"column":27},"end":{"line":122,"column":65}}]},"21":{"type":"branch","line":122,"loc":{"start":{"line":122,"column":61},"end":{"line":122,"column":89}},"locations":[{"start":{"line":122,"column":61},"end":{"line":122,"column":89}}]},"22":{"type":"branch","line":125,"loc":{"start":{"line":125,"column":4},"end":{"line":125,"column":75}},"locations":[{"start":{"line":125,"column":4},"end":{"line":125,"column":75}}]},"23":{"type":"branch","line":133,"loc":{"start":{"line":133,"column":5},"end":{"line":136,"column":41}},"locations":[{"start":{"line":133,"column":5},"end":{"line":136,"column":41}}]},"24":{"type":"branch","line":133,"loc":{"start":{"line":133,"column":5},"end":{"line":136,"column":17}},"locations":[{"start":{"line":133,"column":5},"end":{"line":136,"column":17}}]},"25":{"type":"branch","line":136,"loc":{"start":{"line":136,"column":4},"end":{"line":136,"column":41}},"locations":[{"start":{"line":136,"column":4},"end":{"line":136,"column":41}}]},"26":{"type":"branch","line":137,"loc":{"start":{"line":137,"column":4},"end":{"line":137,"column":36}},"locations":[{"start":{"line":137,"column":4},"end":{"line":137,"column":36}}]},"27":{"type":"branch","line":145,"loc":{"start":{"line":145,"column":2},"end":{"line":156,"column":3}},"locations":[{"start":{"line":145,"column":2},"end":{"line":156,"column":3}}]},"28":{"type":"branch","line":148,"loc":{"start":{"line":148,"column":51},"end":{"line":148,"column":74}},"locations":[{"start":{"line":148,"column":51},"end":{"line":148,"column":74}}]},"29":{"type":"branch","line":152,"loc":{"start":{"line":152,"column":15},"end":{"line":152,"column":34}},"locations":[{"start":{"line":152,"column":15},"end":{"line":152,"column":34}}]},"30":{"type":"branch","line":130,"loc":{"start":{"line":130,"column":18},"end":{"line":130,"column":85}},"locations":[{"start":{"line":130,"column":18},"end":{"line":130,"column":85}}]},"31":{"type":"branch","line":130,"loc":{"start":{"line":130,"column":35},"end":{"line":130,"column":85}},"locations":[{"start":{"line":130,"column":35},"end":{"line":130,"column":85}}]},"32":{"type":"branch","line":163,"loc":{"start":{"line":163,"column":0},"end":{"line":174,"column":1}},"locations":[{"start":{"line":163,"column":0},"end":{"line":174,"column":1}}]},"33":{"type":"branch","line":168,"loc":{"start":{"line":168,"column":72},"end":{"line":173,"column":3}},"locations":[{"start":{"line":168,"column":72},"end":{"line":173,"column":3}}]}},"b":{"0":[16],"1":[150],"2":[16],"3":[20],"4":[19],"5":[14],"6":[14],"7":[14],"8":[59],"9":[0],"10":[2],"11":[57],"12":[8],"13":[7],"14":[1],"15":[0],"16":[16],"17":[1],"18":[14],"19":[0],"20":[6],"21":[8],"22":[1],"23":[14],"24":[13],"25":[1],"26":[1],"27":[3],"28":[0],"29":[0],"30":[59],"31":[4],"32":[7],"33":[6]},"fnMap":{"0":{"name":"makeLoaderLogger","decl":{"start":{"line":23,"column":0},"end":{"line":76,"column":1}},"loc":{"start":{"line":23,"column":0},"end":{"line":76,"column":1}},"line":23},"1":{"name":"programTransport","decl":{"start":{"line":107,"column":0},"end":{"line":157,"column":1}},"loc":{"start":{"line":107,"column":0},"end":{"line":157,"column":1}},"line":107},"2":{"name":"onProgress","decl":{"start":{"line":130,"column":18},"end":{"line":130,"column":85}},"loc":{"start":{"line":130,"column":18},"end":{"line":130,"column":85}},"line":130},"3":{"name":"programPort","decl":{"start":{"line":163,"column":0},"end":{"line":174,"column":1}},"loc":{"start":{"line":163,"column":0},"end":{"line":174,"column":1}},"line":163}},"f":{"0":16,"1":16,"2":59,"3":7}}
,"/Users/rileymccarthy/Documents/MaD/Software/Control/src/firmware/webSerialTransport.ts": {"path":"/Users/rileymccarthy/Documents/MaD/Software/Control/src/firmware/webSerialTransport.ts","all":false,"statementMap":{"14":{"start":{"line":15,"column":0},"end":{"line":15,"column":42}},"23":{"start":{"line":24,"column":0},"end":{"line":24,"column":32}},"29":{"start":{"line":30,"column":0},"end":{"line":30,"column":27}},"32":{"start":{"line":33,"column":0},"end":{"line":33,"column":70}},"33":{"start":{"line":34,"column":0},"end":{"line":34,"column":55}},"34":{"start":{"line":35,"column":0},"end":{"line":35,"column":23}},"35":{"start":{"line":36,"column":0},"end":{"line":36,"column":11}},"36":{"start":{"line":37,"column":0},"end":{"line":37,"column":22}},"37":{"start":{"line":38,"column":0},"end":{"line":38,"column":22}},"38":{"start":{"line":39,"column":0},"end":{"line":39,"column":6}},"39":{"start":{"line":40,"column":0},"end":{"line":40,"column":36}},"40":{"start":{"line":41,"column":0},"end":{"line":41,"column":38}},"41":{"start":{"line":42,"column":0},"end":{"line":42,"column":7}},"42":{"start":{"line":43,"column":0},"end":{"line":43,"column":40}},"43":{"start":{"line":44,"column":0},"end":{"line":44,"column":1}},"45":{"start":{"line":46,"column":0},"end":{"line":46,"column":56}},"46":{"start":{"line":47,"column":0},"end":{"line":47,"column":72}},"47":{"start":{"line":48,"column":0},"end":{"line":48,"column":72}},"49":{"start":{"line":50,"column":0},"end":{"line":50,"column":38}},"58":{"start":{"line":59,"column":0},"end":{"line":59,"column":80}},"60":{"start":{"line":61,"column":0},"end":{"line":61,"column":59}},"63":{"start":{"line":64,"column":0},"end":{"line":64,"column":97}},"64":{"start":{"line":65,"column":0},"end":{"line":65,"column":34}},"65":{"start":{"line":66,"column":0},"end":{"line":66,"column":43}},"66":{"start":{"line":67,"column":0},"end":{"line":67,"column":43}},"67":{"start":{"line":68,"column":0},"end":{"line":68,"column":25}},"68":{"start":{"line":69,"column":0},"end":{"line":69,"column":70}},"69":{"start":{"line":70,"column":0},"end":{"line":70,"column":5}},"70":{"start":{"line":71,"column":0},"end":{"line":71,"column":41}},"71":{"start":{"line":72,"column":0},"end":{"line":72,"column":41}},"72":{"start":{"line":73,"column":0},"end":{"line":73,"column":13}},"73":{"start":{"line":74,"column":0},"end":{"line":74,"column":3}},"75":{"start":{"line":76,"column":0},"end":{"line":76,"column":48}},"76":{"start":{"line":77,"column":0},"end":{"line":77,"column":62}},"77":{"start":{"line":78,"column":0},"end":{"line":78,"column":34}},"78":{"start":{"line":79,"column":0},"end":{"line":79,"column":3}},"80":{"start":{"line":81,"column":0},"end":{"line":81,"column":32}},"83":{"start":{"line":84,"column":0},"end":{"line":84,"column":29}},"84":{"start":{"line":85,"column":0},"end":{"line":85,"column":3}},"86":{"start":{"line":87,"column":0},"end":{"line":87,"column":72}},"87":{"start":{"line":88,"column":0},"end":{"line":88,"column":44}},"88":{"start":{"line":89,"column":0},"end":{"line":89,"column":73}},"89":{"start":{"line":90,"column":0},"end":{"line":90,"column":64}},"90":{"start":{"line":91,"column":0},"end":{"line":91,"column":24}},"91":{"start":{"line":92,"column":0},"end":{"line":92,"column":80}},"92":{"start":{"line":93,"column":0},"end":{"line":93,"column":31}},"93":{"start":{"line":94,"column":0},"end":{"line":94,"column":49}},"94":{"start":{"line":95,"column":0},"end":{"line":95,"column":28}},"95":{"start":{"line":96,"column":0},"end":{"line":96,"column":5}},"96":{"start":{"line":97,"column":0},"end":{"line":97,"column":61}},"97":{"start":{"line":98,"column":0},"end":{"line":98,"column":44}},"98":{"start":{"line":99,"column":0},"end":{"line":99,"column":44}},"99":{"start":{"line":100,"column":0},"end":{"line":100,"column":15}},"100":{"start":{"line":101,"column":0},"end":{"line":101,"column":3}},"103":{"start":{"line":104,"column":0},"end":{"line":104,"column":74}},"104":{"start":{"line":105,"column":0},"end":{"line":105,"column":52}},"107":{"start":{"line":108,"column":0},"end":{"line":108,"column":41}},"108":{"start":{"line":109,"column":0},"end":{"line":109,"column":38}},"110":{"start":{"line":111,"column":0},"end":{"line":111,"column":40}},"111":{"start":{"line":112,"column":0},"end":{"line":112,"column":57}},"112":{"start":{"line":113,"column":0},"end":{"line":113,"column":64}},"113":{"start":{"line":114,"column":0},"end":{"line":114,"column":62}},"114":{"start":{"line":115,"column":0},"end":{"line":115,"column":7}},"116":{"start":{"line":117,"column":0},"end":{"line":117,"column":9}},"117":{"start":{"line":118,"column":0},"end":{"line":118,"column":64}},"118":{"start":{"line":119,"column":0},"end":{"line":119,"column":80}},"119":{"start":{"line":120,"column":0},"end":{"line":120,"column":27}},"120":{"start":{"line":121,"column":0},"end":{"line":121,"column":52}},"121":{"start":{"line":122,"column":0},"end":{"line":122,"column":26}},"122":{"start":{"line":123,"column":0},"end":{"line":123,"column":13}},"123":{"start":{"line":124,"column":0},"end":{"line":124,"column":27}},"124":{"start":{"line":125,"column":0},"end":{"line":125,"column":18}},"125":{"start":{"line":126,"column":0},"end":{"line":126,"column":15}},"126":{"start":{"line":127,"column":0},"end":{"line":127,"column":26}},"127":{"start":{"line":128,"column":0},"end":{"line":128,"column":5}},"128":{"start":{"line":129,"column":0},"end":{"line":129,"column":3}},"130":{"start":{"line":131,"column":0},"end":{"line":131,"column":37}},"131":{"start":{"line":132,"column":0},"end":{"line":132,"column":37}},"134":{"start":{"line":135,"column":0},"end":{"line":135,"column":50}},"135":{"start":{"line":136,"column":0},"end":{"line":136,"column":35}},"136":{"start":{"line":137,"column":0},"end":{"line":137,"column":45}},"137":{"start":{"line":138,"column":0},"end":{"line":138,"column":5}},"138":{"start":{"line":139,"column":0},"end":{"line":139,"column":3}},"140":{"start":{"line":141,"column":0},"end":{"line":141,"column":50}},"141":{"start":{"line":142,"column":0},"end":{"line":142,"column":64}},"142":{"start":{"line":143,"column":0},"end":{"line":143,"column":3}},"148":{"start":{"line":149,"column":0},"end":{"line":149,"column":32}},"149":{"start":{"line":150,"column":0},"end":{"line":150,"column":31}},"150":{"start":{"line":151,"column":0},"end":{"line":151,"column":31}},"153":{"start":{"line":154,"column":0},"end":{"line":154,"column":23}},"154":{"start":{"line":155,"column":0},"end":{"line":155,"column":23}},"155":{"start":{"line":156,"column":0},"end":{"line":156,"column":25}},"157":{"start":{"line":158,"column":0},"end":{"line":158,"column":22}},"158":{"start":{"line":159,"column":0},"end":{"line":159,"column":20}},"159":{"start":{"line":160,"column":0},"end":{"line":160,"column":13}},"162":{"start":{"line":163,"column":0},"end":{"line":163,"column":32}},"163":{"start":{"line":164,"column":0},"end":{"line":164,"column":17}},"165":{"start":{"line":166,"column":0},"end":{"line":166,"column":9}},"166":{"start":{"line":167,"column":0},"end":{"line":167,"column":13}},"167":{"start":{"line":168,"column":0},"end":{"line":168,"column":33}},"168":{"start":{"line":169,"column":0},"end":{"line":169,"column":17}},"170":{"start":{"line":171,"column":0},"end":{"line":171,"column":9}},"171":{"start":{"line":172,"column":0},"end":{"line":172,"column":13}},"172":{"start":{"line":173,"column":0},"end":{"line":173,"column":32}},"173":{"start":{"line":174,"column":0},"end":{"line":174,"column":32}},"174":{"start":{"line":175,"column":0},"end":{"line":175,"column":17}},"176":{"start":{"line":177,"column":0},"end":{"line":177,"column":9}},"177":{"start":{"line":178,"column":0},"end":{"line":178,"column":13}},"178":{"start":{"line":179,"column":0},"end":{"line":179,"column":34}},"179":{"start":{"line":180,"column":0},"end":{"line":180,"column":17}},"181":{"start":{"line":182,"column":0},"end":{"line":182,"column":9}},"182":{"start":{"line":183,"column":0},"end":{"line":183,"column":11}},"183":{"start":{"line":184,"column":0},"end":{"line":184,"column":25}},"184":{"start":{"line":185,"column":0},"end":{"line":185,"column":6}},"185":{"start":{"line":186,"column":0},"end":{"line":186,"column":3}},"186":{"start":{"line":187,"column":0},"end":{"line":187,"column":1}}},"s":{"14":1,"23":1,"29":1,"32":8,"33":8,"34":8,"35":8,"36":8,"37":8,"38":8,"39":8,"40":8,"41":8,"42":8,"43":8,"45":1,"46":1,"47":1,"49":1,"58":1,"60":1,"63":1,"64":15,"65":14,"66":15,"67":0,"68":0,"69":0,"70":14,"71":14,"72":14,"73":15,"75":1,"76":36,"77":36,"78":36,"80":1,"83":14,"84":14,"86":1,"87":18,"88":18,"89":26,"90":26,"91":13,"92":13,"93":13,"94":13,"95":13,"96":18,"97":18,"98":18,"99":18,"100":18,"103":1,"104":85,"107":85,"108":85,"110":85,"111":85,"112":85,"113":85,"114":85,"116":85,"117":85,"118":85,"119":55,"120":85,"121":55,"122":85,"123":0,"124":0,"125":85,"126":85,"127":85,"128":85,"130":1,"131":18,"134":18,"135":18,"136":59,"137":59,"138":18,"140":1,"141":20,"142":20,"148":1,"149":8,"150":8,"153":8,"154":8,"155":8,"157":8,"158":8,"159":8,"162":8,"163":8,"165":1,"166":8,"167":8,"168":8,"170":0,"171":7,"172":8,"173":8,"174":8,"176":0,"177":7,"178":7,"179":8,"181":0,"182":8,"183":8,"184":8,"185":8,"186":1},"branchMap":{"0":{"type":"branch","line":33,"loc":{"start":{"line":33,"column":0},"end":{"line":44,"column":1}},"locations":[{"start":{"line":33,"column":0},"end":{"line":44,"column":1}}]},"1":{"type":"branch","line":37,"loc":{"start":{"line":37,"column":6},"end":{"line":37,"column":22}},"locations":[{"start":{"line":37,"column":6},"end":{"line":37,"column":22}}]},"2":{"type":"branch","line":40,"loc":{"start":{"line":40,"column":22},"end":{"line":42,"column":5}},"locations":[{"start":{"line":40,"column":22},"end":{"line":42,"column":5}}]},"3":{"type":"branch","line":43,"loc":{"start":{"line":43,"column":13},"end":{"line":43,"column":38}},"locations":[{"start":{"line":43,"column":13},"end":{"line":43,"column":38}}]},"4":{"type":"branch","line":61,"loc":{"start":{"line":61,"column":10},"end":{"line":61,"column":59}},"locations":[{"start":{"line":61,"column":10},"end":{"line":61,"column":59}}]},"5":{"type":"branch","line":64,"loc":{"start":{"line":64,"column":2},"end":{"line":74,"column":3}},"locations":[{"start":{"line":64,"column":2},"end":{"line":74,"column":3}}]},"6":{"type":"branch","line":65,"loc":{"start":{"line":65,"column":32},"end":{"line":67,"column":42}},"locations":[{"start":{"line":65,"column":32},"end":{"line":67,"column":42}}]},"7":{"type":"branch","line":67,"loc":{"start":{"line":67,"column":42},"end":{"line":70,"column":5}},"locations":[{"start":{"line":67,"column":42},"end":{"line":70,"column":5}}]},"8":{"type":"branch","line":70,"loc":{"start":{"line":70,"column":4},"end":{"line":73,"column":13}},"locations":[{"start":{"line":70,"column":4},"end":{"line":73,"column":13}}]},"9":{"type":"branch","line":76,"loc":{"start":{"line":76,"column":2},"end":{"line":79,"column":3}},"locations":[{"start":{"line":76,"column":2},"end":{"line":79,"column":3}}]},"10":{"type":"branch","line":77,"loc":{"start":{"line":77,"column":22},"end":{"line":77,"column":62}},"locations":[{"start":{"line":77,"column":22},"end":{"line":77,"column":62}}]},"11":{"type":"branch","line":78,"loc":{"start":{"line":78,"column":32},"end":{"line":78,"column":34}},"locations":[{"start":{"line":78,"column":32},"end":{"line":78,"column":34}}]},"12":{"type":"branch","line":81,"loc":{"start":{"line":81,"column":2},"end":{"line":85,"column":3}},"locations":[{"start":{"line":81,"column":2},"end":{"line":85,"column":3}}]},"13":{"type":"branch","line":87,"loc":{"start":{"line":87,"column":2},"end":{"line":101,"column":3}},"locations":[{"start":{"line":87,"column":2},"end":{"line":101,"column":3}}]},"14":{"type":"branch","line":89,"loc":{"start":{"line":89,"column":37},"end":{"line":89,"column":72}},"locations":[{"start":{"line":89,"column":37},"end":{"line":89,"column":72}}]},"15":{"type":"branch","line":89,"loc":{"start":{"line":89,"column":72},"end":{"line":96,"column":5}},"locations":[{"start":{"line":89,"column":72},"end":{"line":96,"column":5}}]},"16":{"type":"branch","line":91,"loc":{"start":{"line":91,"column":18},"end":{"line":96,"column":5}},"locations":[{"start":{"line":91,"column":18},"end":{"line":96,"column":5}}]},"17":{"type":"branch","line":104,"loc":{"start":{"line":104,"column":2},"end":{"line":129,"column":3}},"locations":[{"start":{"line":104,"column":2},"end":{"line":129,"column":3}}]},"18":{"type":"branch","line":105,"loc":{"start":{"line":105,"column":40},"end":{"line":105,"column":52}},"locations":[{"start":{"line":105,"column":40},"end":{"line":105,"column":52}}]},"19":{"type":"branch","line":119,"loc":{"start":{"line":119,"column":32},"end":{"line":119,"column":80}},"locations":[{"start":{"line":119,"column":32},"end":{"line":119,"column":80}}]},"20":{"type":"branch","line":119,"loc":{"start":{"line":119,"column":39},"end":{"line":121,"column":40}},"locations":[{"start":{"line":119,"column":39},"end":{"line":121,"column":40}}]},"21":{"type":"branch","line":121,"loc":{"start":{"line":121,"column":40},"end":{"line":121,"column":52}},"locations":[{"start":{"line":121,"column":40},"end":{"line":121,"column":52}}]},"22":{"type":"branch","line":121,"loc":{"start":{"line":121,"column":47},"end":{"line":123,"column":12}},"locations":[{"start":{"line":121,"column":47},"end":{"line":123,"column":12}}]},"23":{"type":"branch","line":123,"loc":{"start":{"line":123,"column":4},"end":{"line":126,"column":6}},"locations":[{"start":{"line":123,"column":4},"end":{"line":126,"column":6}}]},"24":{"type":"branch","line":113,"loc":{"start":{"line":113,"column":50},"end":{"line":115,"column":5}},"locations":[{"start":{"line":113,"column":50},"end":{"line":115,"column":5}}]},"25":{"type":"branch","line":114,"loc":{"start":{"line":114,"column":25},"end":{"line":114,"column":51}},"locations":[{"start":{"line":114,"column":25},"end":{"line":114,"column":51}}]},"26":{"type":"branch","line":131,"loc":{"start":{"line":131,"column":2},"end":{"line":139,"column":3}},"locations":[{"start":{"line":131,"column":2},"end":{"line":139,"column":3}}]},"27":{"type":"branch","line":136,"loc":{"start":{"line":136,"column":34},"end":{"line":138,"column":5}},"locations":[{"start":{"line":136,"column":34},"end":{"line":138,"column":5}}]},"28":{"type":"branch","line":137,"loc":{"start":{"line":137,"column":38},"end":{"line":137,"column":45}},"locations":[{"start":{"line":137,"column":38},"end":{"line":137,"column":45}}]},"29":{"type":"branch","line":141,"loc":{"start":{"line":141,"column":2},"end":{"line":143,"column":3}},"locations":[{"start":{"line":141,"column":2},"end":{"line":143,"column":3}}]},"30":{"type":"branch","line":149,"loc":{"start":{"line":149,"column":2},"end":{"line":186,"column":3}},"locations":[{"start":{"line":149,"column":2},"end":{"line":186,"column":3}}]},"31":{"type":"branch","line":159,"loc":{"start":{"line":159,"column":7},"end":{"line":183,"column":9}},"locations":[{"start":{"line":159,"column":7},"end":{"line":183,"column":9}}]},"32":{"type":"branch","line":163,"loc":{"start":{"line":163,"column":30},"end":{"line":164,"column":16}},"locations":[{"start":{"line":163,"column":30},"end":{"line":164,"column":16}}]},"33":{"type":"branch","line":164,"loc":{"start":{"line":164,"column":8},"end":{"line":166,"column":9}},"locations":[{"start":{"line":164,"column":8},"end":{"line":166,"column":9}}]},"34":{"type":"branch","line":168,"loc":{"start":{"line":168,"column":31},"end":{"line":169,"column":16}},"locations":[{"start":{"line":168,"column":31},"end":{"line":169,"column":16}}]},"35":{"type":"branch","line":169,"loc":{"start":{"line":169,"column":8},"end":{"line":171,"column":9}},"locations":[{"start":{"line":169,"column":8},"end":{"line":171,"column":9}}]},"36":{"type":"branch","line":171,"loc":{"start":{"line":171,"column":8},"end":{"line":173,"column":30}},"locations":[{"start":{"line":171,"column":8},"end":{"line":173,"column":30}}]},"37":{"type":"branch","line":174,"loc":{"start":{"line":174,"column":10},"end":{"line":174,"column":30}},"locations":[{"start":{"line":174,"column":10},"end":{"line":174,"column":30}}]},"38":{"type":"branch","line":175,"loc":{"start":{"line":175,"column":8},"end":{"line":177,"column":9}},"locations":[{"start":{"line":175,"column":8},"end":{"line":177,"column":9}}]},"39":{"type":"branch","line":177,"loc":{"start":{"line":177,"column":8},"end":{"line":179,"column":34}},"locations":[{"start":{"line":177,"column":8},"end":{"line":179,"column":34}}]},"40":{"type":"branch","line":179,"loc":{"start":{"line":179,"column":32},"end":{"line":180,"column":16}},"locations":[{"start":{"line":179,"column":32},"end":{"line":180,"column":16}}]},"41":{"type":"branch","line":180,"loc":{"start":{"line":180,"column":8},"end":{"line":182,"column":9}},"locations":[{"start":{"line":180,"column":8},"end":{"line":182,"column":9}}]}},"b":{"0":[8],"1":[6],"2":[8],"3":[8],"4":[14],"5":[15],"6":[14],"7":[0],"8":[14],"9":[36],"10":[0],"11":[35],"12":[14],"13":[18],"14":[26],"15":[26],"16":[13],"17":[85],"18":[0],"19":[30],"20":[55],"21":[0],"22":[55],"23":[0],"24":[85],"25":[30],"26":[18],"27":[59],"28":[17],"29":[20],"30":[8],"31":[8],"32":[7],"33":[1],"34":[7],"35":[0],"36":[7],"37":[7],"38":[0],"39":[7],"40":[6],"41":[0]},"fnMap":{"0":{"name":"withTimeout","decl":{"start":{"line":33,"column":0},"end":{"line":44,"column":1}},"loc":{"start":{"line":33,"column":0},"end":{"line":44,"column":1}},"line":33},"1":{"name":"WebSerialTransport","decl":{"start":{"line":61,"column":10},"end":{"line":61,"column":59}},"loc":{"start":{"line":61,"column":10},"end":{"line":61,"column":59}},"line":61},"2":{"name":"open","decl":{"start":{"line":64,"column":2},"end":{"line":74,"column":3}},"loc":{"start":{"line":64,"column":2},"end":{"line":74,"column":3}},"line":64},"3":{"name":"write","decl":{"start":{"line":76,"column":2},"end":{"line":79,"column":3}},"loc":{"start":{"line":76,"column":2},"end":{"line":79,"column":3}},"line":76},"4":{"name":"drain","decl":{"start":{"line":81,"column":2},"end":{"line":85,"column":3}},"loc":{"start":{"line":81,"column":2},"end":{"line":85,"column":3}},"line":81},"5":{"name":"read","decl":{"start":{"line":87,"column":2},"end":{"line":101,"column":3}},"loc":{"start":{"line":87,"column":2},"end":{"line":101,"column":3}},"line":87},"6":{"name":"readChunk","decl":{"start":{"line":104,"column":2},"end":{"line":129,"column":3}},"loc":{"start":{"line":104,"column":2},"end":{"line":129,"column":3}},"line":104},"7":{"name":"flushInput","decl":{"start":{"line":131,"column":2},"end":{"line":139,"column":3}},"loc":{"start":{"line":131,"column":2},"end":{"line":139,"column":3}},"line":131},"8":{"name":"setDtr","decl":{"start":{"line":141,"column":2},"end":{"line":143,"column":3}},"loc":{"start":{"line":141,"column":2},"end":{"line":143,"column":3}},"line":141},"9":{"name":"close","decl":{"start":{"line":149,"column":2},"end":{"line":186,"column":3}},"loc":{"start":{"line":149,"column":2},"end":{"line":186,"column":3}},"line":149}},"f":{"0":8,"1":14,"2":15,"3":36,"4":14,"5":18,"6":85,"7":18,"8":20,"9":8}}
}
